<?xml version="1.0" encoding="UTF-8"?>
<!-- Generated by org.testng.reporters.JUnitReportReporter -->
<testsuite skipped="1" hostname="RSUMW840G3P0005" name="screenshots.Checking" tests="1" failures="0" timestamp="04 Mar 2019 15:31:38 GMT" time="0.000" errors="0">
  <testcase name="startBrowser" time="0.000" classname="screenshots.Checking">
    <skipped/>
  </testcase> <!-- startBrowser -->
</testsuite> <!-- screenshots.Checking -->
