<?xml version="1.0" encoding="UTF-8"?>
<!-- Generated by org.testng.reporters.JUnitReportReporter -->
<testsuite skipped="0" hostname="RSUMW840G3P0005" name="screenshots.Example" tests="1" failures="0" timestamp="30 Jan 2019 00:19:56 GMT" time="15.295" errors="0">
  <testcase name="ScanAppTest" time="15.295" classname="screenshots.Example"/>
</testsuite> <!-- screenshots.Example -->
