<?xml version="1.0" encoding="UTF-8"?>
<!-- Generated by org.testng.reporters.JUnitReportReporter -->
<testsuite skipped="0" hostname="RSUMW840G3P0005" name="Screenshots.test" tests="1" failures="0" timestamp="22 Jan 2019 18:49:03 GMT" time="5.075" errors="0">
  <testcase name="search" time="5.075" classname="Screenshots.test"/>
</testsuite> <!-- Screenshots.test -->
