<?xml version="1.0" encoding="UTF-8"?>
<!-- Generated by org.testng.reporters.JUnitReportReporter -->
<testsuite skipped="2" hostname="RSUMW840G3P0005" name="screenshots.CaptureSettings" tests="4" failures="0" timestamp="08 Mar 2019 01:26:48 GMT" time="31.710" errors="0">
  <testcase name="CaptureSettings_InsertTray" time="3.726" classname="screenshots.CaptureSettings"/>
  <testcase name="CaptureSettings_OutputFolder" time="27.984" classname="screenshots.CaptureSettings"/>
  <testcase name="CaptureSettings_MultipleValues" classname="screenshots.CaptureSettings">
    <skipped/>
  </testcase> <!-- CaptureSettings_MultipleValues -->
  <testcase name="CaptureSettings_ScanMethod" classname="screenshots.CaptureSettings">
    <skipped/>
  </testcase> <!-- CaptureSettings_ScanMethod -->
</testsuite> <!-- screenshots.CaptureSettings -->
