<?xml version="1.0" encoding="UTF-8"?>
<!-- Generated by org.testng.reporters.JUnitReportReporter -->
<testsuite skipped="0" hostname="RSUMW840G3P0005" name="screenshots.MainScreen" tests="4" failures="0" timestamp="12 Feb 2019 19:50:57 GMT" time="181.736" errors="0">
  <testcase name="MainScreenInsertTray" time="3.288" classname="screenshots.MainScreen"/>
  <testcase name="MainScreenSingleSlideTray" time="35.272" classname="screenshots.MainScreen"/>
  <testcase name="MainScreenDoubleSlideTray" time="35.330" classname="screenshots.MainScreen"/>
  <testcase name="MainScreenSingleSlide_Slide3_Slide4" time="107.846" classname="screenshots.MainScreen"/>
</testsuite> <!-- screenshots.MainScreen -->
