<?xml version="1.0" encoding="UTF-8"?>
<!-- Generated by org.testng.reporters.JUnitReportReporter -->
<testsuite skipped="8" hostname="RSUMW840G3P0005" name="screenshots.ScannerSimulator" tests="8" failures="0" timestamp="04 Mar 2019 15:31:38 GMT" time="0.000" errors="0">
  <testcase name="clickInsert" time="0.000" classname="screenshots.ScannerSimulator">
    <skipped/>
  </testcase> <!-- clickInsert -->
  <testcase name="clickRemove" time="0.000" classname="screenshots.ScannerSimulator">
    <skipped/>
  </testcase> <!-- clickRemove -->
  <testcase name="closeSimulator" time="0.000" classname="screenshots.ScannerSimulator">
    <skipped/>
  </testcase> <!-- closeSimulator -->
  <testcase name="selectDoubleSlides" time="0.000" classname="screenshots.ScannerSimulator">
    <skipped/>
  </testcase> <!-- selectDoubleSlides -->
  <testcase name="selectDoubleSlideType" time="0.000" classname="screenshots.ScannerSimulator">
    <skipped/>
  </testcase> <!-- selectDoubleSlideType -->
  <testcase name="selectSingleSlideType" time="0.000" classname="screenshots.ScannerSimulator">
    <skipped/>
  </testcase> <!-- selectSingleSlideType -->
  <testcase name="clickEject" time="0.000" classname="screenshots.ScannerSimulator">
    <skipped/>
  </testcase> <!-- clickEject -->
  <testcase name="selectSingleSlides" time="0.000" classname="screenshots.ScannerSimulator">
    <skipped/>
  </testcase> <!-- selectSingleSlides -->
</testsuite> <!-- screenshots.ScannerSimulator -->
