<?xml version="1.0" encoding="UTF-8"?>
<!-- Generated by org.testng.reporters.JUnitReportReporter -->
<testsuite skipped="0" hostname="RSUMW840G3P0005" name="screenshots.CloseUp" tests="4" failures="0" timestamp="04 Mar 2019 16:19:01 GMT" time="15.392" errors="0">
  <testcase name="closeBrowser" time="0.874" classname="screenshots.CloseUp"/>
  <testcase name="location" time="0.001" classname="screenshots.CloseUp"/>
  <testcase name="startBrowser" time="3.487" classname="screenshots.CloseUp"/>
  <testcase name="setup" time="11.030" classname="screenshots.CloseUp"/>
</testsuite> <!-- screenshots.CloseUp -->
